<?xml version="1.0" encoding="UTF-8"?>
<!-- Generated by org.testng.reporters.JUnitXMLReporter -->
<testsuite ignored="4" hostname="LAPTOP-39100DHL" failures="0" tests="2" name="groupingtest" time="0.094" errors="0" timestamp="2024-02-08T12:27:05 IST">
  <testcase classname="TESTNG_DEMO.groupingtest" name="testcase5" time="0.015"/>
  <testcase classname="TESTNG_DEMO.groupingtest" name="testcase6" time="0.001"/>
  <testcase classname="TESTNG_DEMO.groupingtest" name="testcase2" time="0.0">
    <ignored/>
  </testcase> <!-- testcase2 -->
  <testcase classname="TESTNG_DEMO.groupingtest" name="testcase3" time="0.0">
    <ignored/>
  </testcase> <!-- testcase3 -->
  <testcase classname="TESTNG_DEMO.groupingtest" name="testcase4" time="0.0">
    <ignored/>
  </testcase> <!-- testcase4 -->
  <testcase classname="TESTNG_DEMO.groupingtest" name="testcase1" time="0.0">
    <ignored/>
  </testcase> <!-- testcase1 -->
</testsuite> <!-- groupingtest -->
