<?xml version="1.0" encoding="UTF-8"?>
<!-- Generated by org.testng.reporters.JUnitXMLReporter -->
<testsuite ignored="0" hostname="LAPTOP-39100DHL" failures="0" tests="3" name="Test" time="44.031" errors="0" timestamp="2024-02-12T17:15:39 IST">
  <testcase classname="com.SwagLabs.Testcases.OverViewPageTest" name="verifyurl" time="2.53"/>
  <testcase classname="com.SwagLabs.Testcases.OverViewPageTest" name="verifyproductdetails" time="2.779"/>
  <testcase classname="com.SwagLabs.Testcases.OverViewPageTest" name="verifycompleteprocess" time="2.88"/>
</testsuite> <!-- Test -->
