<?xml version="1.0" encoding="UTF-8"?>
<testng-results ignored="0" total="2" passed="2" failed="0" skipped="0">
  <reporter-output>
  </reporter-output>
  <suite started-at="2024-02-22T16:46:12 IST" name="Default suite" finished-at="2024-02-22T16:46:18 IST" duration-ms="6319">
    <groups>
    </groups>
    <test started-at="2024-02-22T16:46:12 IST" name="Default test" finished-at="2024-02-22T16:46:18 IST" duration-ms="6319">
      <class name="PageObjectModel.LoginPageTestCases">
        <test-method is-config="true" signature="Setup()[pri:0, instance:PageObjectModel.LoginPageTestCases@408d971b]" started-at="2024-02-22T16:46:12 IST" name="Setup" finished-at="2024-02-22T16:46:17 IST" duration-ms="4781" status="PASS">
          <reporter-output>
          </reporter-output>
        </test-method> <!-- Setup -->
        <test-method signature="ValidateTitle()[pri:1, instance:PageObjectModel.LoginPageTestCases@408d971b]" started-at="2024-02-22T16:46:17 IST" name="ValidateTitle" finished-at="2024-02-22T16:46:17 IST" duration-ms="21" status="PASS">
          <reporter-output>
          </reporter-output>
        </test-method> <!-- ValidateTitle -->
        <test-method signature="ValidateLogin()[pri:2, instance:PageObjectModel.LoginPageTestCases@408d971b]" started-at="2024-02-22T16:46:17 IST" name="ValidateLogin" finished-at="2024-02-22T16:46:18 IST" duration-ms="1450" status="PASS">
          <reporter-output>
          </reporter-output>
        </test-method> <!-- ValidateLogin -->
      </class> <!-- PageObjectModel.LoginPageTestCases -->
    </test> <!-- Default test -->
  </suite> <!-- Default suite -->
</testng-results>
